psql:tiki_pgsql.sql:25: NOTICE:  CREATE TABLE / PRIMARY KEY will create implicit index 'galaxia_activities_pkey' for table 'galaxia_activities'
psql:tiki_pgsql.sql:41: NOTICE:  CREATE TABLE / PRIMARY KEY will create implicit index 'galaxia_activity_roles_pkey' for table 'galaxia_activity_roles'
psql:tiki_pgsql.sql:61: NOTICE:  CREATE TABLE / PRIMARY KEY will create implicit index 'galaxia_instance_activitie_pkey' for table 'galaxia_instance_activities'
psql:tiki_pgsql.sql:84: NOTICE:  CREATE TABLE / PRIMARY KEY will create implicit index 'galaxia_instance_comments_pkey' for table 'galaxia_instance_comments'
psql:tiki_pgsql.sql:107: NOTICE:  CREATE TABLE / PRIMARY KEY will create implicit index 'galaxia_instances_pkey' for table 'galaxia_instances'
psql:tiki_pgsql.sql:129: NOTICE:  CREATE TABLE / PRIMARY KEY will create implicit index 'galaxia_processes_pkey' for table 'galaxia_processes'
psql:tiki_pgsql.sql:148: NOTICE:  CREATE TABLE / PRIMARY KEY will create implicit index 'galaxia_roles_pkey' for table 'galaxia_roles'
psql:tiki_pgsql.sql:165: NOTICE:  CREATE TABLE / PRIMARY KEY will create implicit index 'galaxia_transitions_pkey' for table 'galaxia_transitions'
psql:tiki_pgsql.sql:182: NOTICE:  CREATE TABLE / PRIMARY KEY will create implicit index 'galaxia_user_roles_pkey' for table 'galaxia_user_roles'
psql:tiki_pgsql.sql:182: NOTICE:  CREATE TABLE / UNIQUE will create implicit index 'galaxia_user_roles_roleId_key' for table 'galaxia_user_roles'
psql:tiki_pgsql.sql:204: NOTICE:  CREATE TABLE / PRIMARY KEY will create implicit index 'galaxia_workitems_pkey' for table 'galaxia_workitems'
psql:tiki_pgsql.sql:232: NOTICE:  CREATE TABLE / PRIMARY KEY will create implicit index 'messu_messages_pkey' for table 'messu_messages'
psql:tiki_pgsql.sql:334: NOTICE:  CREATE TABLE / PRIMARY KEY will create implicit index 'tiki_articles_pkey' for table 'tiki_articles'
psql:tiki_pgsql.sql:378: NOTICE:  CREATE TABLE / PRIMARY KEY will create implicit index 'tiki_banners_pkey' for table 'tiki_banners'
psql:tiki_pgsql.sql:405: NOTICE:  CREATE TABLE / PRIMARY KEY will create implicit index 'tiki_banning_pkey' for table 'tiki_banning'
psql:tiki_pgsql.sql:421: NOTICE:  CREATE TABLE / PRIMARY KEY will create implicit index 'tiki_banning_sections_pkey' for table 'tiki_banning_sections'
psql:tiki_pgsql.sql:438: NOTICE:  CREATE TABLE / PRIMARY KEY will create implicit index 'tiki_blog_activity_pkey' for table 'tiki_blog_activity'
psql:tiki_pgsql.sql:465: NOTICE:  CREATE TABLE / PRIMARY KEY will create implicit index 'tiki_blog_posts_pkey' for table 'tiki_blog_posts'
psql:tiki_pgsql.sql:489: NOTICE:  CREATE TABLE / PRIMARY KEY will create implicit index 'tiki_blog_posts_images_pkey' for table 'tiki_blog_posts_images'
psql:tiki_pgsql.sql:524: NOTICE:  CREATE TABLE / PRIMARY KEY will create implicit index 'tiki_blogs_pkey' for table 'tiki_blogs'
psql:tiki_pgsql.sql:544: NOTICE:  CREATE TABLE / PRIMARY KEY will create implicit index 'tiki_calendar_categories_pkey' for table 'tiki_calendar_categories'
psql:tiki_pgsql.sql:544: NOTICE:  CREATE TABLE / UNIQUE will create implicit index 'tiki_calendar_ca_calendarId_key' for table 'tiki_calendar_categories'
psql:tiki_pgsql.sql:574: NOTICE:  CREATE TABLE / PRIMARY KEY will create implicit index 'tiki_calendar_items_pkey' for table 'tiki_calendar_items'
psql:tiki_pgsql.sql:593: NOTICE:  CREATE TABLE / PRIMARY KEY will create implicit index 'tiki_calendar_locations_pkey' for table 'tiki_calendar_locations'
psql:tiki_pgsql.sql:593: NOTICE:  CREATE TABLE / UNIQUE will create implicit index 'tiki_calendar_lo_calendarId_key' for table 'tiki_calendar_locations'
psql:tiki_pgsql.sql:610: NOTICE:  CREATE TABLE / PRIMARY KEY will create implicit index 'tiki_calendar_roles_pkey' for table 'tiki_calendar_roles'
psql:tiki_pgsql.sql:635: NOTICE:  CREATE TABLE / PRIMARY KEY will create implicit index 'tiki_calendars_pkey' for table 'tiki_calendars'
psql:tiki_pgsql.sql:654: NOTICE:  CREATE TABLE / PRIMARY KEY will create implicit index 'tiki_categories_pkey' for table 'tiki_categories'
psql:tiki_pgsql.sql:677: NOTICE:  CREATE TABLE / PRIMARY KEY will create implicit index 'tiki_categorized_objects_pkey' for table 'tiki_categorized_objects'
psql:tiki_pgsql.sql:693: NOTICE:  CREATE TABLE / PRIMARY KEY will create implicit index 'tiki_category_objects_pkey' for table 'tiki_category_objects'
psql:tiki_pgsql.sql:709: NOTICE:  CREATE TABLE / PRIMARY KEY will create implicit index 'tiki_category_sites_pkey' for table 'tiki_category_sites'
psql:tiki_pgsql.sql:733: NOTICE:  CREATE TABLE / PRIMARY KEY will create implicit index 'tiki_chart_items_pkey' for table 'tiki_chart_items'
psql:tiki_pgsql.sql:766: NOTICE:  CREATE TABLE / PRIMARY KEY will create implicit index 'tiki_charts_pkey' for table 'tiki_charts'
psql:tiki_pgsql.sql:788: NOTICE:  CREATE TABLE / PRIMARY KEY will create implicit index 'tiki_charts_rankings_pkey' for table 'tiki_charts_rankings'
psql:tiki_pgsql.sql:806: NOTICE:  CREATE TABLE / PRIMARY KEY will create implicit index 'tiki_charts_votes_pkey' for table 'tiki_charts_votes'
psql:tiki_pgsql.sql:828: NOTICE:  CREATE TABLE / PRIMARY KEY will create implicit index 'tiki_chat_channels_pkey' for table 'tiki_chat_channels'
psql:tiki_pgsql.sql:848: NOTICE:  CREATE TABLE / PRIMARY KEY will create implicit index 'tiki_chat_messages_pkey' for table 'tiki_chat_messages'
psql:tiki_pgsql.sql:866: NOTICE:  CREATE TABLE / PRIMARY KEY will create implicit index 'tiki_chat_users_pkey' for table 'tiki_chat_users'
psql:tiki_pgsql.sql:902: NOTICE:  CREATE TABLE / PRIMARY KEY will create implicit index 'tiki_comments_pkey' for table 'tiki_comments'
psql:tiki_pgsql.sql:923: NOTICE:  CREATE TABLE / PRIMARY KEY will create implicit index 'tiki_content_pkey' for table 'tiki_content'
psql:tiki_pgsql.sql:941: NOTICE:  CREATE TABLE / PRIMARY KEY will create implicit index 'tiki_content_templates_pkey' for table 'tiki_content_templates'
psql:tiki_pgsql.sql:957: NOTICE:  CREATE TABLE / PRIMARY KEY will create implicit index 'tiki_content_templates_sec_pkey' for table 'tiki_content_templates_sections'
psql:tiki_pgsql.sql:973: NOTICE:  CREATE TABLE / PRIMARY KEY will create implicit index 'tiki_cookies_pkey' for table 'tiki_cookies'
psql:tiki_pgsql.sql:994: NOTICE:  CREATE TABLE / PRIMARY KEY will create implicit index 'tiki_copyrights_pkey' for table 'tiki_copyrights'
psql:tiki_pgsql.sql:1019: NOTICE:  CREATE TABLE / PRIMARY KEY will create implicit index 'tiki_directory_categories_pkey' for table 'tiki_directory_categories'
psql:tiki_pgsql.sql:1036: NOTICE:  CREATE TABLE / PRIMARY KEY will create implicit index 'tiki_directory_search_pkey' for table 'tiki_directory_search'
psql:tiki_pgsql.sql:1062: NOTICE:  CREATE TABLE / PRIMARY KEY will create implicit index 'tiki_directory_sites_pkey' for table 'tiki_directory_sites'
psql:tiki_pgsql.sql:1084: NOTICE:  CREATE TABLE / PRIMARY KEY will create implicit index 'tiki_drawings_pkey' for table 'tiki_drawings'
psql:tiki_pgsql.sql:1101: NOTICE:  CREATE TABLE / PRIMARY KEY will create implicit index 'tiki_dsn_pkey' for table 'tiki_dsn'
psql:tiki_pgsql.sql:1125: NOTICE:  CREATE TABLE / PRIMARY KEY will create implicit index 'tiki_eph_pkey' for table 'tiki_eph'
psql:tiki_pgsql.sql:1143: NOTICE:  CREATE TABLE / PRIMARY KEY will create implicit index 'tiki_extwiki_pkey' for table 'tiki_extwiki'
psql:tiki_pgsql.sql:1166: NOTICE:  CREATE TABLE / PRIMARY KEY will create implicit index 'tiki_faq_questions_pkey' for table 'tiki_faq_questions'
psql:tiki_pgsql.sql:1196: NOTICE:  CREATE TABLE / PRIMARY KEY will create implicit index 'tiki_faqs_pkey' for table 'tiki_faqs'
psql:tiki_pgsql.sql:1218: NOTICE:  CREATE TABLE / PRIMARY KEY will create implicit index 'tiki_featured_links_pkey' for table 'tiki_featured_links'
psql:tiki_pgsql.sql:1252: NOTICE:  CREATE TABLE / PRIMARY KEY will create implicit index 'tiki_file_galleries_pkey' for table 'tiki_file_galleries'
psql:tiki_pgsql.sql:1288: NOTICE:  CREATE TABLE / PRIMARY KEY will create implicit index 'tiki_files_pkey' for table 'tiki_files'
psql:tiki_pgsql.sql:1315: NOTICE:  CREATE TABLE / PRIMARY KEY will create implicit index 'tiki_forum_attachments_pkey' for table 'tiki_forum_attachments'
psql:tiki_pgsql.sql:1333: NOTICE:  CREATE TABLE / PRIMARY KEY will create implicit index 'tiki_forum_reads_pkey' for table 'tiki_forum_reads'
psql:tiki_pgsql.sql:1397: NOTICE:  CREATE TABLE / PRIMARY KEY will create implicit index 'tiki_forums_pkey' for table 'tiki_forums'
psql:tiki_pgsql.sql:1425: NOTICE:  CREATE TABLE / PRIMARY KEY will create implicit index 'tiki_forums_queue_pkey' for table 'tiki_forums_queue'
psql:tiki_pgsql.sql:1445: NOTICE:  CREATE TABLE / PRIMARY KEY will create implicit index 'tiki_forums_reported_pkey' for table 'tiki_forums_reported'
psql:tiki_pgsql.sql:1477: NOTICE:  CREATE TABLE / PRIMARY KEY will create implicit index 'tiki_galleries_pkey' for table 'tiki_galleries'
psql:tiki_pgsql.sql:1495: NOTICE:  CREATE TABLE / PRIMARY KEY will create implicit index 'tiki_galleries_scales_pkey' for table 'tiki_galleries_scales'
psql:tiki_pgsql.sql:1513: NOTICE:  CREATE TABLE / PRIMARY KEY will create implicit index 'tiki_games_pkey' for table 'tiki_games'
psql:tiki_pgsql.sql:1529: NOTICE:  CREATE TABLE / PRIMARY KEY will create implicit index 'tiki_group_inclusion_pkey' for table 'tiki_group_inclusion'
psql:tiki_pgsql.sql:1551: NOTICE:  CREATE TABLE / PRIMARY KEY will create implicit index 'tiki_history_pkey' for table 'tiki_history'
psql:tiki_pgsql.sql:1598: NOTICE:  CREATE TABLE / PRIMARY KEY will create implicit index 'tiki_hotwords_pkey' for table 'tiki_hotwords'
psql:tiki_pgsql.sql:1617: NOTICE:  CREATE TABLE / PRIMARY KEY will create implicit index 'tiki_html_pages_pkey' for table 'tiki_html_pages'
psql:tiki_pgsql.sql:1635: NOTICE:  CREATE TABLE / PRIMARY KEY will create implicit index 'tiki_html_pages_dynamic_zo_pkey' for table 'tiki_html_pages_dynamic_zones'
psql:tiki_pgsql.sql:1662: NOTICE:  CREATE TABLE / PRIMARY KEY will create implicit index 'tiki_images_pkey' for table 'tiki_images'
psql:tiki_pgsql.sql:1687: NOTICE:  CREATE TABLE / PRIMARY KEY will create implicit index 'tiki_images_data_pkey' for table 'tiki_images_data'
psql:tiki_pgsql.sql:1725: NOTICE:  CREATE TABLE / PRIMARY KEY will create implicit index 'tiki_images_old_pkey' for table 'tiki_images_old'
psql:tiki_pgsql.sql:1744: NOTICE:  CREATE TABLE / PRIMARY KEY will create implicit index 'tiki_language_pkey' for table 'tiki_language'
psql:tiki_pgsql.sql:1760: NOTICE:  CREATE TABLE / PRIMARY KEY will create implicit index 'tiki_languages_pkey' for table 'tiki_languages'
psql:tiki_pgsql.sql:1779: NOTICE:  CREATE TABLE / PRIMARY KEY will create implicit index 'tiki_link_cache_pkey' for table 'tiki_link_cache'
psql:tiki_pgsql.sql:1798: NOTICE:  CREATE TABLE / PRIMARY KEY will create implicit index 'tiki_links_pkey' for table 'tiki_links'
psql:tiki_pgsql.sql:1827: NOTICE:  CREATE TABLE / PRIMARY KEY will create implicit index 'tiki_live_support_events_pkey' for table 'tiki_live_support_events'
psql:tiki_pgsql.sql:1845: NOTICE:  identifier "tiki_live_support_message_comments" will be truncated to "tiki_live_support_message_comme"
psql:tiki_pgsql.sql:1845: NOTICE:  CREATE TABLE / PRIMARY KEY will create implicit index 'tiki_live_support_message__pkey' for table 'tiki_live_support_message_comme'
psql:tiki_pgsql.sql:1871: NOTICE:  CREATE TABLE / PRIMARY KEY will create implicit index 'tiki_live_support_messages_pkey' for table 'tiki_live_support_messages'
psql:tiki_pgsql.sql:1887: NOTICE:  CREATE TABLE / PRIMARY KEY will create implicit index 'tiki_live_support_modules_pkey' for table 'tiki_live_support_modules'
psql:tiki_pgsql.sql:1919: NOTICE:  CREATE TABLE / PRIMARY KEY will create implicit index 'tiki_live_support_operator_pkey' for table 'tiki_live_support_operators'
psql:tiki_pgsql.sql:1947: NOTICE:  CREATE TABLE / PRIMARY KEY will create implicit index 'tiki_live_support_requests_pkey' for table 'tiki_live_support_requests'
psql:tiki_pgsql.sql:1989: NOTICE:  CREATE TABLE / PRIMARY KEY will create implicit index 'tiki_mailin_accounts_pkey' for table 'tiki_mailin_accounts'
psql:tiki_pgsql.sql:2005: NOTICE:  CREATE TABLE / PRIMARY KEY will create implicit index 'tiki_menu_languages_pkey' for table 'tiki_menu_languages'
psql:tiki_pgsql.sql:2005: NOTICE:  CREATE TABLE / UNIQUE will create implicit index 'tiki_menu_languages_menuId_key' for table 'tiki_menu_languages'
psql:tiki_pgsql.sql:2025: NOTICE:  CREATE TABLE / PRIMARY KEY will create implicit index 'tiki_menu_options_pkey' for table 'tiki_menu_options'
psql:tiki_pgsql.sql:2043: NOTICE:  CREATE TABLE / PRIMARY KEY will create implicit index 'tiki_menus_pkey' for table 'tiki_menus'
psql:tiki_pgsql.sql:2067: NOTICE:  CREATE TABLE / PRIMARY KEY will create implicit index 'tiki_minical_events_pkey' for table 'tiki_minical_events'
psql:tiki_pgsql.sql:2090: NOTICE:  CREATE TABLE / PRIMARY KEY will create implicit index 'tiki_minical_topics_pkey' for table 'tiki_minical_topics'
psql:tiki_pgsql.sql:2113: NOTICE:  CREATE TABLE / PRIMARY KEY will create implicit index 'tiki_modules_pkey' for table 'tiki_modules'
psql:tiki_pgsql.sql:2144: NOTICE:  CREATE TABLE / PRIMARY KEY will create implicit index 'tiki_newsletter_subscripti_pkey' for table 'tiki_newsletter_subscriptions'
psql:tiki_pgsql.sql:2167: NOTICE:  CREATE TABLE / PRIMARY KEY will create implicit index 'tiki_newsletters_pkey' for table 'tiki_newsletters'
psql:tiki_pgsql.sql:2186: NOTICE:  CREATE TABLE / PRIMARY KEY will create implicit index 'tiki_newsreader_marks_pkey' for table 'tiki_newsreader_marks'
psql:tiki_pgsql.sql:2206: NOTICE:  CREATE TABLE / PRIMARY KEY will create implicit index 'tiki_newsreader_servers_pkey' for table 'tiki_newsreader_servers'
psql:tiki_pgsql.sql:2223: NOTICE:  CREATE TABLE / PRIMARY KEY will create implicit index 'tiki_page_footnotes_pkey' for table 'tiki_page_footnotes'
psql:tiki_pgsql.sql:2257: NOTICE:  CREATE TABLE / PRIMARY KEY will create implicit index 'tiki_pages_pkey' for table 'tiki_pages'
psql:tiki_pgsql.sql:2280: NOTICE:  CREATE TABLE / PRIMARY KEY will create implicit index 'tiki_pageviews_pkey' for table 'tiki_pageviews'
psql:tiki_pgsql.sql:2402: NOTICE:  CREATE TABLE / PRIMARY KEY will create implicit index 'tiki_poll_options_pkey' for table 'tiki_poll_options'
psql:tiki_pgsql.sql:2421: NOTICE:  CREATE TABLE / PRIMARY KEY will create implicit index 'tiki_polls_pkey' for table 'tiki_polls'
psql:tiki_pgsql.sql:2437: NOTICE:  CREATE TABLE / PRIMARY KEY will create implicit index 'tiki_preferences_pkey' for table 'tiki_preferences'
psql:tiki_pgsql.sql:2617: NOTICE:  CREATE TABLE / PRIMARY KEY will create implicit index 'tiki_private_messages_pkey' for table 'tiki_private_messages'
psql:tiki_pgsql.sql:2635: NOTICE:  CREATE TABLE / PRIMARY KEY will create implicit index 'tiki_programmed_content_pkey' for table 'tiki_programmed_content'
psql:tiki_pgsql.sql:2653: NOTICE:  CREATE TABLE / PRIMARY KEY will create implicit index 'tiki_quiz_question_options_pkey' for table 'tiki_quiz_question_options'
psql:tiki_pgsql.sql:2673: NOTICE:  CREATE TABLE / PRIMARY KEY will create implicit index 'tiki_quiz_questions_pkey' for table 'tiki_quiz_questions'
psql:tiki_pgsql.sql:2694: NOTICE:  CREATE TABLE / PRIMARY KEY will create implicit index 'tiki_quiz_results_pkey' for table 'tiki_quiz_results'
psql:tiki_pgsql.sql:2712: NOTICE:  CREATE TABLE / PRIMARY KEY will create implicit index 'tiki_quiz_stats_pkey' for table 'tiki_quiz_stats'
psql:tiki_pgsql.sql:2732: NOTICE:  CREATE TABLE / PRIMARY KEY will create implicit index 'tiki_quiz_stats_sum_pkey' for table 'tiki_quiz_stats_sum'
psql:tiki_pgsql.sql:2756: NOTICE:  CREATE TABLE / PRIMARY KEY will create implicit index 'tiki_quizzes_pkey' for table 'tiki_quizzes'
psql:tiki_pgsql.sql:2793: NOTICE:  CREATE TABLE / PRIMARY KEY will create implicit index 'tiki_received_articles_pkey' for table 'tiki_received_articles'
psql:tiki_pgsql.sql:2815: NOTICE:  CREATE TABLE / PRIMARY KEY will create implicit index 'tiki_received_pages_pkey' for table 'tiki_received_pages'
psql:tiki_pgsql.sql:2832: NOTICE:  CREATE TABLE / PRIMARY KEY will create implicit index 'tiki_referer_stats_pkey' for table 'tiki_referer_stats'
psql:tiki_pgsql.sql:2852: NOTICE:  CREATE TABLE / PRIMARY KEY will create implicit index 'tiki_related_categories_pkey' for table 'tiki_related_categories'
psql:tiki_pgsql.sql:2873: NOTICE:  CREATE TABLE / PRIMARY KEY will create implicit index 'tiki_rss_modules_pkey' for table 'tiki_rss_modules'
psql:tiki_pgsql.sql:2892: NOTICE:  CREATE TABLE / PRIMARY KEY will create implicit index 'tiki_search_stats_pkey' for table 'tiki_search_stats'
psql:tiki_pgsql.sql:2926: NOTICE:  CREATE TABLE / PRIMARY KEY will create implicit index 'tiki_semaphores_pkey' for table 'tiki_semaphores'
psql:tiki_pgsql.sql:2946: NOTICE:  CREATE TABLE / PRIMARY KEY will create implicit index 'tiki_sent_newsletters_pkey' for table 'tiki_sent_newsletters'
psql:tiki_pgsql.sql:2963: NOTICE:  CREATE TABLE / PRIMARY KEY will create implicit index 'tiki_sessions_pkey' for table 'tiki_sessions'
psql:tiki_pgsql.sql:2983: NOTICE:  CREATE TABLE / PRIMARY KEY will create implicit index 'tiki_shoutbox_pkey' for table 'tiki_shoutbox'
psql:tiki_pgsql.sql:3001: NOTICE:  CREATE TABLE / PRIMARY KEY will create implicit index 'tiki_structures_pkey' for table 'tiki_structures'
psql:tiki_pgsql.sql:3040: NOTICE:  CREATE TABLE / PRIMARY KEY will create implicit index 'tiki_submissions_pkey' for table 'tiki_submissions'
psql:tiki_pgsql.sql:3065: NOTICE:  CREATE TABLE / PRIMARY KEY will create implicit index 'tiki_suggested_faq_questio_pkey' for table 'tiki_suggested_faq_questions'
psql:tiki_pgsql.sql:3083: NOTICE:  CREATE TABLE / PRIMARY KEY will create implicit index 'tiki_survey_question_optio_pkey' for table 'tiki_survey_question_options'
psql:tiki_pgsql.sql:3106: NOTICE:  CREATE TABLE / PRIMARY KEY will create implicit index 'tiki_survey_questions_pkey' for table 'tiki_survey_questions'
psql:tiki_pgsql.sql:3127: NOTICE:  CREATE TABLE / PRIMARY KEY will create implicit index 'tiki_surveys_pkey' for table 'tiki_surveys'
psql:tiki_pgsql.sql:3152: NOTICE:  CREATE TABLE / PRIMARY KEY will create implicit index 'tiki_tags_pkey' for table 'tiki_tags'
psql:tiki_pgsql.sql:3175: NOTICE:  CREATE TABLE / PRIMARY KEY will create implicit index 'tiki_theme_control_categs_pkey' for table 'tiki_theme_control_categs'
psql:tiki_pgsql.sql:3193: NOTICE:  CREATE TABLE / PRIMARY KEY will create implicit index 'tiki_theme_control_objects_pkey' for table 'tiki_theme_control_objects'
psql:tiki_pgsql.sql:3209: NOTICE:  CREATE TABLE / PRIMARY KEY will create implicit index 'tiki_theme_control_section_pkey' for table 'tiki_theme_control_sections'
psql:tiki_pgsql.sql:3231: NOTICE:  CREATE TABLE / PRIMARY KEY will create implicit index 'tiki_topics_pkey' for table 'tiki_topics'
psql:tiki_pgsql.sql:3253: NOTICE:  CREATE TABLE / PRIMARY KEY will create implicit index 'tiki_tracker_fields_pkey' for table 'tiki_tracker_fields'
psql:tiki_pgsql.sql:3278: NOTICE:  CREATE TABLE / PRIMARY KEY will create implicit index 'tiki_tracker_item_attachme_pkey' for table 'tiki_tracker_item_attachments'
psql:tiki_pgsql.sql:3298: NOTICE:  CREATE TABLE / PRIMARY KEY will create implicit index 'tiki_tracker_item_comments_pkey' for table 'tiki_tracker_item_comments'
psql:tiki_pgsql.sql:3315: NOTICE:  CREATE TABLE / PRIMARY KEY will create implicit index 'tiki_tracker_item_fields_pkey' for table 'tiki_tracker_item_fields'
psql:tiki_pgsql.sql:3334: NOTICE:  CREATE TABLE / PRIMARY KEY will create implicit index 'tiki_tracker_items_pkey' for table 'tiki_tracker_items'
psql:tiki_pgsql.sql:3359: NOTICE:  CREATE TABLE / PRIMARY KEY will create implicit index 'tiki_trackers_pkey' for table 'tiki_trackers'
psql:tiki_pgsql.sql:3378: NOTICE:  CREATE TABLE / PRIMARY KEY will create implicit index 'tiki_untranslated_pkey' for table 'tiki_untranslated'
psql:tiki_pgsql.sql:3378: NOTICE:  CREATE TABLE / UNIQUE will create implicit index 'tiki_untranslated_id_key' for table 'tiki_untranslated'
psql:tiki_pgsql.sql:3396: NOTICE:  CREATE TABLE / PRIMARY KEY will create implicit index 'tiki_user_answers_pkey' for table 'tiki_user_answers'
psql:tiki_pgsql.sql:3419: NOTICE:  CREATE TABLE / PRIMARY KEY will create implicit index 'tiki_user_assigned_modules_pkey' for table 'tiki_user_assigned_modules'
psql:tiki_pgsql.sql:3437: NOTICE:  CREATE TABLE / PRIMARY KEY will create implicit index 'tiki_user_bookmarks_folder_pkey' for table 'tiki_user_bookmarks_folders'
psql:tiki_pgsql.sql:3437: NOTICE:  CREATE TABLE / UNIQUE will create implicit index 'tiki_user_bookmark_folderId_key' for table 'tiki_user_bookmarks_folders'
psql:tiki_pgsql.sql:3458: NOTICE:  CREATE TABLE / PRIMARY KEY will create implicit index 'tiki_user_bookmarks_urls_pkey' for table 'tiki_user_bookmarks_urls'
psql:tiki_pgsql.sql:3484: NOTICE:  CREATE TABLE / PRIMARY KEY will create implicit index 'tiki_user_mail_accounts_pkey' for table 'tiki_user_mail_accounts'
psql:tiki_pgsql.sql:3505: NOTICE:  CREATE TABLE / PRIMARY KEY will create implicit index 'tiki_user_menus_pkey' for table 'tiki_user_menus'
psql:tiki_pgsql.sql:3522: NOTICE:  CREATE TABLE / PRIMARY KEY will create implicit index 'tiki_user_modules_pkey' for table 'tiki_user_modules'
psql:tiki_pgsql.sql:3547: NOTICE:  CREATE TABLE / PRIMARY KEY will create implicit index 'tiki_user_notes_pkey' for table 'tiki_user_notes'
psql:tiki_pgsql.sql:3566: NOTICE:  CREATE TABLE / PRIMARY KEY will create implicit index 'tiki_user_postings_pkey' for table 'tiki_user_postings'
psql:tiki_pgsql.sql:3583: NOTICE:  CREATE TABLE / PRIMARY KEY will create implicit index 'tiki_user_preferences_pkey' for table 'tiki_user_preferences'
psql:tiki_pgsql.sql:3620: NOTICE:  CREATE TABLE / PRIMARY KEY will create implicit index 'tiki_user_quizzes_pkey' for table 'tiki_user_quizzes'
psql:tiki_pgsql.sql:3636: NOTICE:  CREATE TABLE / PRIMARY KEY will create implicit index 'tiki_user_taken_quizzes_pkey' for table 'tiki_user_taken_quizzes'
psql:tiki_pgsql.sql:3660: NOTICE:  CREATE TABLE / PRIMARY KEY will create implicit index 'tiki_user_tasks_pkey' for table 'tiki_user_tasks'
psql:tiki_pgsql.sql:3676: NOTICE:  CREATE TABLE / PRIMARY KEY will create implicit index 'tiki_user_votings_pkey' for table 'tiki_user_votings'
psql:tiki_pgsql.sql:3699: NOTICE:  CREATE TABLE / PRIMARY KEY will create implicit index 'tiki_user_watches_pkey' for table 'tiki_user_watches'
psql:tiki_pgsql.sql:3724: NOTICE:  CREATE TABLE / PRIMARY KEY will create implicit index 'tiki_userfiles_pkey' for table 'tiki_userfiles'
psql:tiki_pgsql.sql:3758: NOTICE:  CREATE TABLE / PRIMARY KEY will create implicit index 'tiki_users_pkey' for table 'tiki_users'
psql:tiki_pgsql.sql:3778: NOTICE:  CREATE TABLE / PRIMARY KEY will create implicit index 'tiki_webmail_contacts_pkey' for table 'tiki_webmail_contacts'
psql:tiki_pgsql.sql:3798: NOTICE:  CREATE TABLE / PRIMARY KEY will create implicit index 'tiki_webmail_messages_pkey' for table 'tiki_webmail_messages'
psql:tiki_pgsql.sql:3823: NOTICE:  CREATE TABLE / PRIMARY KEY will create implicit index 'tiki_wiki_attachments_pkey' for table 'tiki_wiki_attachments'
psql:tiki_pgsql.sql:3838: NOTICE:  CREATE TABLE / PRIMARY KEY will create implicit index 'tiki_zones_pkey' for table 'tiki_zones'
psql:tiki_pgsql.sql:3855: NOTICE:  CREATE TABLE / PRIMARY KEY will create implicit index 'users_grouppermissions_pkey' for table 'users_grouppermissions'
psql:tiki_pgsql.sql:3881: NOTICE:  CREATE TABLE / PRIMARY KEY will create implicit index 'users_groups_pkey' for table 'users_groups'
psql:tiki_pgsql.sql:3902: NOTICE:  CREATE TABLE / PRIMARY KEY will create implicit index 'users_objectpermissions_pkey' for table 'users_objectpermissions'
psql:tiki_pgsql.sql:3922: NOTICE:  CREATE TABLE / PRIMARY KEY will create implicit index 'users_permissions_pkey' for table 'users_permissions'
psql:tiki_pgsql.sql:4080: NOTICE:  CREATE TABLE / PRIMARY KEY will create implicit index 'users_usergroups_pkey' for table 'users_usergroups'
psql:tiki_pgsql.sql:4119: NOTICE:  CREATE TABLE / PRIMARY KEY will create implicit index 'users_users_pkey' for table 'users_users'
psql:tiki_pgsql.sql:4143: NOTICE:  identifier "tiki_calendar_categories_calendarid" will be truncated to "tiki_calendar_categories_calend"
psql:tiki_pgsql.sql:4146: NOTICE:  identifier "tiki_calendar_locations_calendarid" will be truncated to "tiki_calendar_locations_calenda"
psql:tiki_pgsql.sql:4152: NOTICE:  identifier "tiki_directory_sites_description" will be truncated to "tiki_directory_sites_descriptio"
 setval 
--------
       
(1 row)

 setval 
--------
       
(1 row)

 setval 
--------
       
(1 row)

 setval 
--------
       
(1 row)

 setval 
--------
       
(1 row)

 setval 
--------
       
(1 row)

 setval 
--------
       
(1 row)

 setval 
--------
       
(1 row)

 setval 
--------
      1
(1 row)

 setval 
--------
       
(1 row)

 setval 
--------
       
(1 row)

 setval 
--------
      4
(1 row)

 setval 
--------
       
(1 row)

 setval 
--------
      2
(1 row)

 setval 
--------
       
(1 row)

 setval 
--------
       
(1 row)

 setval 
--------
       
(1 row)

 setval 
--------
       
(1 row)

 setval 
--------
      1
(1 row)

 setval 
--------
       
(1 row)

 setval 
--------
       
(1 row)

 setval 
--------
       
(1 row)

 setval 
--------
      1
(1 row)

 setval 
--------
      1
(1 row)

 setval 
--------
      6
(1 row)

 setval 
--------
       
(1 row)

 setval 
--------
       
(1 row)

 setval 
--------
       
(1 row)

 setval 
--------
       
(1 row)

 setval 
--------
      1
(1 row)

 setval 
--------
      1
(1 row)

 setval 
--------
       
(1 row)

 setval 
--------
       
(1 row)

 setval 
--------
      1
(1 row)

 setval 
--------
       
(1 row)

 setval 
--------
      4
(1 row)

 setval 
--------
      2
(1 row)

 setval 
--------
      1
(1 row)

 setval 
--------
      2
(1 row)

 setval 
--------
       
(1 row)

 setval 
--------
      1
(1 row)

 setval 
--------
       
(1 row)

 setval 
--------
      1
(1 row)

 setval 
--------
      2
(1 row)

 setval 
--------
      2
(1 row)

 setval 
--------
      3
(1 row)

 setval 
--------
       
(1 row)

psql:tiki_pgsql.sql:4328: NOTICE:  identifier "tiki_live_support_message_comments" will be truncated to "tiki_live_support_message_comme"
 setval 
--------
       
(1 row)

 setval 
--------
       
(1 row)

 setval 
--------
      7
(1 row)

 setval 
--------
       
(1 row)

 setval 
--------
       
(1 row)

 setval 
--------
       
(1 row)

 setval 
--------
       
(1 row)

 setval 
--------
       
(1 row)

 setval 
--------
       
(1 row)

 setval 
--------
      1
(1 row)

 setval 
--------
       
(1 row)

 setval 
--------
       
(1 row)

 setval 
--------
       
(1 row)

 setval 
--------
       
(1 row)

 setval 
--------
       
(1 row)

 setval 
--------
       
(1 row)

 setval 
--------
      2
(1 row)

 setval 
--------
       
(1 row)

 setval 
--------
      1
(1 row)

 setval 
--------
       
(1 row)

 setval 
--------
       
(1 row)

 setval 
--------
      3
(1 row)

 setval 
--------
       
(1 row)

 setval 
--------
     11
(1 row)

 setval 
--------
      5
(1 row)

 setval 
--------
       
(1 row)

 setval 
--------
       
(1 row)

 setval 
--------
       
(1 row)

 setval 
--------
       
(1 row)

 setval 
--------
      1
(1 row)

 setval 
--------
       
(1 row)

 setval 
--------
       
(1 row)

 setval 
--------
       
(1 row)

 setval 
--------
       
(1 row)

 setval 
--------
       
(1 row)

 setval 
--------
       
(1 row)

 setval 
--------
       
(1 row)

 setval 
--------
       
(1 row)

 setval 
--------
      1
(1 row)

 setval 
--------
       
(1 row)

 setval 
--------
       
(1 row)

 setval 
--------
       
(1 row)

 setval 
--------
       
(1 row)

 setval 
--------
       
(1 row)

 setval 
--------
       
(1 row)

 setval 
--------
       
(1 row)

 setval 
--------
      5
(1 row)

